[debug] [2024-06-28T16:17:14.407Z] ----------------------------------------------------------------------
[debug] [2024-06-28T16:17:14.414Z] Command:       C:\Program Files\nodejs\node.exe C:\Program Files\nodejs\node_modules\firebase-tools\lib\bin\firebase.js init
[debug] [2024-06-28T16:17:14.415Z] CLI Version:   13.12.0
[debug] [2024-06-28T16:17:14.416Z] Platform:      win32
[debug] [2024-06-28T16:17:14.417Z] Node Version:  v18.4.0
[debug] [2024-06-28T16:17:14.420Z] Time:          Fri Jun 28 2024 21:47:14 GMT+0530 (India Standard Time)
[debug] [2024-06-28T16:17:14.421Z] ----------------------------------------------------------------------
[debug] 
[debug] [2024-06-28T16:17:14.775Z] > command requires scopes: ["email","openid","https://www.googleapis.com/auth/cloudplatformprojects.readonly","https://www.googleapis.com/auth/firebase","https://www.googleapis.com/auth/cloud-platform"]
[debug] [2024-06-28T16:17:14.776Z] > authorizing via signed-in user (shivamshah.glsbca20@gmail.com)
[info] 
     ######## #### ########  ######## ########     ###     ######  ########
     ##        ##  ##     ## ##       ##     ##  ##   ##  ##       ##
     ######    ##  ########  ######   ########  #########  ######  ######
     ##        ##  ##    ##  ##       ##     ## ##     ##       ## ##
     ##       #### ##     ## ######## ########  ##     ##  ######  ########

You're about to initialize a Firebase project in this directory:

  C:\Users\Admin\Desktop\ShivmPortfolio

Before we get started, keep in mind:

  * You are initializing within an existing Firebase project directory

[info] 
=== Project Setup
[info] 
[info] First, let's associate this project directory with a Firebase project.
[info] You can create multiple project aliases by running firebase use --add, 
[info] but for now we'll just set up a default project.
[info] 
[debug] [2024-06-28T16:17:36.193Z] Using project from CLI flag: shahshivamportfolio
[debug] [2024-06-28T16:17:36.198Z] >>> [apiv2][query] GET https://firebase.googleapis.com/v1beta1/projects/shahshivamportfolio [none]
[debug] [2024-06-28T16:17:37.445Z] <<< [apiv2][status] GET https://firebase.googleapis.com/v1beta1/projects/shahshivamportfolio 200
[debug] [2024-06-28T16:17:37.446Z] <<< [apiv2][body] GET https://firebase.googleapis.com/v1beta1/projects/shahshivamportfolio {"projectId":"shahshivamportfolio","projectNumber":"676724957595","displayName":"ShahShivamPortFolio","name":"projects/shahshivamportfolio","resources":{"hostingSite":"shahshivamportfolio"},"state":"ACTIVE","etag":"1_c2796a05-2112-4db5-9f8b-ebf34ba77f7d"}
[info] i  Using project shahshivamportfolio (ShahShivamPortFolio) 
[info] 
=== Hosting Setup
[debug] [2024-06-28T16:17:37.459Z] >>> [apiv2][query] GET https://firebase.googleapis.com/v1beta1/projects/shahshivamportfolio [none]
[debug] [2024-06-28T16:17:37.937Z] <<< [apiv2][status] GET https://firebase.googleapis.com/v1beta1/projects/shahshivamportfolio 200
[debug] [2024-06-28T16:17:37.938Z] <<< [apiv2][body] GET https://firebase.googleapis.com/v1beta1/projects/shahshivamportfolio {"projectId":"shahshivamportfolio","projectNumber":"676724957595","displayName":"ShahShivamPortFolio","name":"projects/shahshivamportfolio","resources":{"hostingSite":"shahshivamportfolio"},"state":"ACTIVE","etag":"1_c2796a05-2112-4db5-9f8b-ebf34ba77f7d"}
[info] 
[info] Your public directory is the folder (relative to your project directory) that
[info] will contain Hosting assets to be uploaded with firebase deploy. If you
[info] have a build process for your assets, use your build's output directory.
[info] 
[debug] [2024-06-28T16:18:00.220Z] ----------------------------------------------------------------------
[debug] [2024-06-28T16:18:00.230Z] Command:       C:\Program Files\nodejs\node.exe C:\Program Files\nodejs\node_modules\firebase-tools\lib\bin\firebase.js init
[debug] [2024-06-28T16:18:00.232Z] CLI Version:   13.12.0
[debug] [2024-06-28T16:18:00.233Z] Platform:      win32
[debug] [2024-06-28T16:18:00.234Z] Node Version:  v18.4.0
[debug] [2024-06-28T16:18:00.237Z] Time:          Fri Jun 28 2024 21:48:00 GMT+0530 (India Standard Time)
[debug] [2024-06-28T16:18:00.238Z] ----------------------------------------------------------------------
[debug] 
[debug] [2024-06-28T16:18:00.556Z] > command requires scopes: ["email","openid","https://www.googleapis.com/auth/cloudplatformprojects.readonly","https://www.googleapis.com/auth/firebase","https://www.googleapis.com/auth/cloud-platform"]
[debug] [2024-06-28T16:18:00.558Z] > authorizing via signed-in user (shivamshah.glsbca20@gmail.com)
[info] 
     ######## #### ########  ######## ########     ###     ######  ########
     ##        ##  ##     ## ##       ##     ##  ##   ##  ##       ##
     ######    ##  ########  ######   ########  #########  ######  ######
     ##        ##  ##    ##  ##       ##     ## ##     ##       ## ##
     ##       #### ##     ## ######## ########  ##     ##  ######  ########

You're about to initialize a Firebase project in this directory:

  C:\Users\Admin\Desktop\ShivmPortfolio

Before we get started, keep in mind:

  * You are initializing within an existing Firebase project directory

[info] 
=== Project Setup
[info] 
[info] First, let's associate this project directory with a Firebase project.
[info] You can create multiple project aliases by running firebase use --add, 
[info] but for now we'll just set up a default project.
[info] 
[debug] [2024-06-28T16:18:07.041Z] Using project from CLI flag: shahshivamportfolio
[debug] [2024-06-28T16:18:07.047Z] >>> [apiv2][query] GET https://firebase.googleapis.com/v1beta1/projects/shahshivamportfolio [none]
[debug] [2024-06-28T16:18:07.676Z] <<< [apiv2][status] GET https://firebase.googleapis.com/v1beta1/projects/shahshivamportfolio 200
[debug] [2024-06-28T16:18:07.677Z] <<< [apiv2][body] GET https://firebase.googleapis.com/v1beta1/projects/shahshivamportfolio {"projectId":"shahshivamportfolio","projectNumber":"676724957595","displayName":"ShahShivamPortFolio","name":"projects/shahshivamportfolio","resources":{"hostingSite":"shahshivamportfolio"},"state":"ACTIVE","etag":"1_c2796a05-2112-4db5-9f8b-ebf34ba77f7d"}
[info] i  Using project shahshivamportfolio (ShahShivamPortFolio) 
[info] 
=== Hosting Setup
[debug] [2024-06-28T16:18:07.691Z] >>> [apiv2][query] GET https://firebase.googleapis.com/v1beta1/projects/shahshivamportfolio [none]
[debug] [2024-06-28T16:18:08.181Z] <<< [apiv2][status] GET https://firebase.googleapis.com/v1beta1/projects/shahshivamportfolio 200
[debug] [2024-06-28T16:18:08.182Z] <<< [apiv2][body] GET https://firebase.googleapis.com/v1beta1/projects/shahshivamportfolio {"projectId":"shahshivamportfolio","projectNumber":"676724957595","displayName":"ShahShivamPortFolio","name":"projects/shahshivamportfolio","resources":{"hostingSite":"shahshivamportfolio"},"state":"ACTIVE","etag":"1_c2796a05-2112-4db5-9f8b-ebf34ba77f7d"}
[info] 
[info] Your public directory is the folder (relative to your project directory) that
[info] will contain Hosting assets to be uploaded with firebase deploy. If you
[info] have a build process for your assets, use your build's output directory.
[info] 
[debug] [2024-06-28T16:18:20.488Z] >>> [apiv2][query] GET https://www.gstatic.com/firebasejs/releases.json [none]
[debug] [2024-06-28T16:18:20.809Z] <<< [apiv2][status] GET https://www.gstatic.com/firebasejs/releases.json 200
[debug] [2024-06-28T16:18:20.809Z] <<< [apiv2][body] GET https://www.gstatic.com/firebasejs/releases.json {"current":{"version":"10.12.2","browserURL":"https://www.gstatic.com/firebasejs/10.12.2/firebase.js","packageURL":"https://www.gstatic.com/firebasejs/10.12.2/firebase.tgz"},"live":{"version":"10.12","browserURL":"https://www.gstatic.com/firebasejs/live/10.12/firebase.js","packageURL":"https://www.gstatic.com/firebasejs/live/10.12/firebase.tgz"},"components":{"analytics":"https://www.gstatic.com/firebasejs/10.12.2/firebase-analytics.js","app":"https://www.gstatic.com/firebasejs/10.12.2/firebase-app.js","app-check":"https://www.gstatic.com/firebasejs/10.12.2/firebase-app-check.js","auth":"https://www.gstatic.com/firebasejs/10.12.2/firebase-auth.js","auth/cordova":"https://www.gstatic.com/firebasejs/10.12.2/firebase-auth/cordova.js","auth/web-extension":"https://www.gstatic.com/firebasejs/10.12.2/firebase-auth/web-extension.js","functions":"https://www.gstatic.com/firebasejs/10.12.2/firebase-functions.js","firestore":"https://www.gstatic.com/firebasejs/10.12.2/firebase-firestore.js","firestore/lite":"https://www.gstatic.com/firebasejs/10.12.2/firebase-firestore/lite.js","installations":"https://www.gstatic.com/firebasejs/10.12.2/firebase-installations.js","storage":"https://www.gstatic.com/firebasejs/10.12.2/firebase-storage.js","performance":"https://www.gstatic.com/firebasejs/10.12.2/firebase-performance.js","remote-config":"https://www.gstatic.com/firebasejs/10.12.2/firebase-remote-config.js","messaging":"https://www.gstatic.com/firebasejs/10.12.2/firebase-messaging.js","messaging/sw":"https://www.gstatic.com/firebasejs/10.12.2/firebase-messaging/sw.js","database":"https://www.gstatic.com/firebasejs/10.12.2/firebase-database.js","vertexai-preview":"https://www.gstatic.com/firebasejs/10.12.2/firebase-vertexai-preview.js","firestore.memory":"https://www.gstatic.com/firebasejs/10.12.2/firebase-firestore.memory.js"}}
[debug] [2024-06-28T16:18:21.017Z] Error: ENOTDIR: not a directory, scandir 'C:\Users\Admin\Desktop\ShivmPortfolio\src\index.js'
    at Object.readdirSync (node:fs:1450:3)
    at Object.createFileSync (C:\Users\Admin\AppData\Roaming\nvm\v18.4.0\node_modules\firebase-tools\node_modules\fs-extra\lib\ensure\file.js:55:10)
    at Config.writeProjectFile (C:\Users\Admin\AppData\Roaming\nvm\v18.4.0\node_modules\firebase-tools\lib\config.js:159:12)
    at C:\Users\Admin\AppData\Roaming\nvm\v18.4.0\node_modules\firebase-tools\lib\config.js:183:22
    at process.processTicksAndRejections (node:internal/process/task_queues:95:5)
    at async doSetup (C:\Users\Admin\AppData\Roaming\nvm\v18.4.0\node_modules\firebase-tools\lib\init\features\hosting\index.js:177:9)
    at async init (C:\Users\Admin\AppData\Roaming\nvm\v18.4.0\node_modules\firebase-tools\lib\init\index.js:40:9)
[error] 
[error] Error: An unexpected error has occurred.
